<?xml version="1.0" encoding="UTF-8"?>
<testsuite name="SimpleBankSystemTest" tests="1" skipped="0" failures="0" errors="0" timestamp="2022-05-29T13:53:04" hostname="PC" time="0.568">
  <properties/>
  <testcase name="start" classname="SimpleBankSystemTest" time="0.568"/>
  <system-out><![CDATA[?[1;31m
Start test 1?[0m
1. Create an account
2. Log into account
0. Exit
> 0
Bye!
?[1;31m
Start test 2?[0m
1. Create an account
2. Log into account
0. Exit
> 0
Bye!
?[1;31m
Start test 3?[0m
1. Create an account
2. Log into account
0. Exit
> 0
Bye!
?[1;31m
Start test 4?[0m
1. Create an account
2. Log into account
0. Exit
> 0
Bye!
?[1;31m
Start test 5?[0m
1. Create an account
2. Log into account
0. Exit
> 1
4000002889665111
1579
1. Create an account
2. Log into account
0. Exit
> 1
4000009370371471
9991
1. Create an account
2. Log into account
0. Exit
> 1
4000003619980051
2904
1. Create an account
2. Log into account
0. Exit
> 1
4000006448192061
8728
1. Create an account
2. Log into account
0. Exit
> 1
4000003605490271
9886
1. Create an account
2. Log into account
0. Exit
> 0
Bye!
4000002889665111
4000009370371471
4000003619980051
4000006448192061
4000003605490271
?[1;31m
Start test 6?[0m
1. Create an account
2. Log into account
0. Exit
> 1
4000001224152991
4673
1. Create an account
2. Log into account
0. Exit
> 2

Enter your card number:
>> 4000001224152991
Enter your PIN:
> 4673

You have successfully logged in!

1. Balance
2. Add income
3. Do transfer
4. Close account
5. Log out
0. Exit
> 0
Bye!
?[1;31m
Start test 7?[0m
1. Create an account
2. Log into account
0. Exit
> 1
4000005306832701
7532
1. Create an account
2. Log into account
0. Exit
> 2

Enter your card number:
>> 4000005306832701
Enter your PIN:
> 5428

Wrong card number or PIN!

1. Create an account
2. Log into account
0. Exit
> 0
Bye!
?[1;31m
Start test 8?[0m
1. Create an account
2. Log into account
0. Exit
> 1
4000008485148881
5761
1. Create an account
2. Log into account
0. Exit
> 2

Enter your card number:
>> 400000413837821
Enter your PIN:
> 5761

Wrong card number or PIN!

1. Create an account
2. Log into account
0. Exit
> 0
Bye!
?[1;31m
Start test 9?[0m
1. Create an account
2. Log into account
0. Exit
> 1
4000006673810361
4759
1. Create an account
2. Log into account
0. Exit
> 2

Enter your card number:
>> 4000006673810361
Enter your PIN:
> 4759

You have successfully logged in!

1. Balance
2. Add income
3. Do transfer
4. Close account
5. Log out
0. Exit
> 1

Balance: 0

1. Balance
2. Add income
3. Do transfer
4. Close account
5. Log out
0. Exit
> 0
Bye!
?[1;31m
Start test 10?[0m
1. Create an account
2. Log into account
0. Exit
> 1
4000008147876291
1495
1. Create an account
2. Log into account
0. Exit
> 2

Enter your card number:
>> 4000008147876291
Enter your PIN:
> 1495

You have successfully logged in!

1. Balance
2. Add income
3. Do transfer
4. Close account
5. Log out
0. Exit
> 2
> 10000
1. Balance
2. Add income
3. Do transfer
4. Close account
5. Log out
0. Exit
> 0
Bye!
1. Create an account
2. Log into account
0. Exit
> 2

Enter your card number:
>> 4000008147876291
Enter your PIN:
> 1495

You have successfully logged in!

1. Balance
2. Add income
3. Do transfer
4. Close account
5. Log out
0. Exit
> 2
> 15000
1. Balance
2. Add income
3. Do transfer
4. Close account
5. Log out
0. Exit
> 0
Bye!
?[1;31m
Start test 11?[0m
1. Create an account
2. Log into account
0. Exit
> 1
4000004815436161
9050
1. Create an account
2. Log into account
0. Exit
> 1
4000003131340081
6035
1. Create an account
2. Log into account
0. Exit
> 2

Enter your card number:
>> 4000003131340081
Enter your PIN:
> 6035

You have successfully logged in!

1. Balance
2. Add income
3. Do transfer
4. Close account
5. Log out
0. Exit
> 3

Transfer
Enter card number:
> 2000007269641764
Probably you made a mistake in the card number. Please try again!
1. Balance
2. Add income
3. Do transfer
4. Close account
5. Log out
0. Exit
> 3

Transfer
Enter card number:
> 2000007269641768
Such a card does not exist.
1. Balance
2. Add income
3. Do transfer
4. Close account
5. Log out
0. Exit
> 3

Transfer
Enter card number:
> 4000004815436161

Enter how much money you want to transfer:
> 100000
Not enough money!
1. Balance
2. Add income
3. Do transfer
4. Close account
5. Log out
0. Exit
> 2
> 20000
1. Balance
2. Add income
3. Do transfer
4. Close account
5. Log out
0. Exit
> 3

Transfer
Enter card number:
> 4000004815436161

Enter how much money you want to transfer:
> 10000
Success!
1. Balance
2. Add income
3. Do transfer
4. Close account
5. Log out
0. Exit
> 0
Bye!
?[1;31m
Start test 12?[0m
1. Create an account
2. Log into account
0. Exit
> 1
4000001535256861
4634
1. Create an account
2. Log into account
0. Exit
> 2

Enter your card number:
>> 4000001535256861
Enter your PIN:
> 4634

You have successfully logged in!

1. Balance
2. Add income
3. Do transfer
4. Close account
5. Log out
0. Exit
> 4
The account has been closed!
1. Balance
2. Add income
3. Do transfer
4. Close account
5. Log out
0. Exit
> 0
Bye!
]]></system-out>
  <system-err><![CDATA[java.sql.SQLException: query does not return ResultSet
	at org.sqlite.jdbc3.JDBC3Statement.executeQuery(JDBC3Statement.java:70)
	at banking.Database.addIncomeToAccount(Database.java:102)
	at banking.Application.addIncome(Application.java:168)
	at banking.Application.menuTwoLogic(Application.java:115)
	at banking.Application.menuLoopEntryPoint(Application.java:28)
	at banking.Application.<init>(Application.java:19)
	at banking.Main.main(Main.java:6)
	at java.base/jdk.internal.reflect.NativeMethodAccessorImpl.invoke0(Native Method)
	at java.base/jdk.internal.reflect.NativeMethodAccessorImpl.invoke(NativeMethodAccessorImpl.java:77)
	at java.base/jdk.internal.reflect.DelegatingMethodAccessorImpl.invoke(DelegatingMethodAccessorImpl.java:43)
	at java.base/java.lang.reflect.Method.invoke(Method.java:568)
	at org.hyperskill.hstest.testing.execution.MainMethodExecutor.invokeMain(MainMethodExecutor.java:172)
	at org.hyperskill.hstest.testing.execution.MainMethodExecutor.lambda$launch$0(MainMethodExecutor.java:199)
	at java.base/java.util.concurrent.Executors$RunnableAdapter.call(Executors.java:539)
	at java.base/java.util.concurrent.FutureTask.run(FutureTask.java:264)
	at java.base/java.util.concurrent.ThreadPoolExecutor.runWorker(ThreadPoolExecutor.java:1136)
	at java.base/java.util.concurrent.ThreadPoolExecutor$Worker.run(ThreadPoolExecutor.java:635)
	at java.base/java.lang.Thread.run(Thread.java:833)
java.sql.SQLException: query does not return ResultSet
	at org.sqlite.jdbc3.JDBC3Statement.executeQuery(JDBC3Statement.java:70)
	at banking.Database.addIncomeToAccount(Database.java:102)
	at banking.Application.addIncome(Application.java:168)
	at banking.Application.menuTwoLogic(Application.java:115)
	at banking.Application.menuLoopEntryPoint(Application.java:28)
	at banking.Application.<init>(Application.java:19)
	at banking.Main.main(Main.java:6)
	at java.base/jdk.internal.reflect.NativeMethodAccessorImpl.invoke0(Native Method)
	at java.base/jdk.internal.reflect.NativeMethodAccessorImpl.invoke(NativeMethodAccessorImpl.java:77)
	at java.base/jdk.internal.reflect.DelegatingMethodAccessorImpl.invoke(DelegatingMethodAccessorImpl.java:43)
	at java.base/java.lang.reflect.Method.invoke(Method.java:568)
	at org.hyperskill.hstest.testing.execution.MainMethodExecutor.invokeMain(MainMethodExecutor.java:172)
	at org.hyperskill.hstest.testing.execution.MainMethodExecutor.lambda$launch$0(MainMethodExecutor.java:199)
	at java.base/java.util.concurrent.Executors$RunnableAdapter.call(Executors.java:539)
	at java.base/java.util.concurrent.FutureTask.run(FutureTask.java:264)
	at java.base/java.util.concurrent.ThreadPoolExecutor.runWorker(ThreadPoolExecutor.java:1136)
	at java.base/java.util.concurrent.ThreadPoolExecutor$Worker.run(ThreadPoolExecutor.java:635)
	at java.base/java.lang.Thread.run(Thread.java:833)
java.sql.SQLException: query does not return ResultSet
	at org.sqlite.jdbc3.JDBC3Statement.executeQuery(JDBC3Statement.java:70)
	at banking.Database.addIncomeToAccount(Database.java:102)
	at banking.Application.addIncome(Application.java:168)
	at banking.Application.menuTwoLogic(Application.java:115)
	at banking.Application.menuLoopEntryPoint(Application.java:28)
	at banking.Application.<init>(Application.java:19)
	at banking.Main.main(Main.java:6)
	at java.base/jdk.internal.reflect.NativeMethodAccessorImpl.invoke0(Native Method)
	at java.base/jdk.internal.reflect.NativeMethodAccessorImpl.invoke(NativeMethodAccessorImpl.java:77)
	at java.base/jdk.internal.reflect.DelegatingMethodAccessorImpl.invoke(DelegatingMethodAccessorImpl.java:43)
	at java.base/java.lang.reflect.Method.invoke(Method.java:568)
	at org.hyperskill.hstest.testing.execution.MainMethodExecutor.invokeMain(MainMethodExecutor.java:172)
	at org.hyperskill.hstest.testing.execution.MainMethodExecutor.lambda$launch$0(MainMethodExecutor.java:199)
	at java.base/java.util.concurrent.Executors$RunnableAdapter.call(Executors.java:539)
	at java.base/java.util.concurrent.FutureTask.run(FutureTask.java:264)
	at java.base/java.util.concurrent.ThreadPoolExecutor.runWorker(ThreadPoolExecutor.java:1136)
	at java.base/java.util.concurrent.ThreadPoolExecutor$Worker.run(ThreadPoolExecutor.java:635)
	at java.base/java.lang.Thread.run(Thread.java:833)
]]></system-err>
</testsuite>
