<?xml version="1.0" encoding="UTF-8"?>
<testsuite name="SimpleBankSystemTest" tests="1" skipped="0" failures="0" errors="0" timestamp="2022-05-28T18:51:45" hostname="PC" time="0.328">
  <properties/>
  <testcase name="start" classname="SimpleBankSystemTest" time="0.328"/>
  <system-out><![CDATA[?[1;31m
Start test 1?[0m
1. Create an account
2. Log into account
0. Exit
> 0
Bye!
?[1;31m
Start test 2?[0m
1. Create an account
2. Log into account
0. Exit
> 0
Bye!
?[1;31m
Start test 3?[0m
1. Create an account
2. Log into account
0. Exit
> 0
Bye!
?[1;31m
Start test 4?[0m
1. Create an account
2. Log into account
0. Exit
> 0
Bye!
?[1;31m
Start test 5?[0m
1. Create an account
2. Log into account
0. Exit
> 1
4000007209740551
1383
1. Create an account
2. Log into account
0. Exit
> 1
4000008600259381
4162
1. Create an account
2. Log into account
0. Exit
> 1
4000005324201491
5393
1. Create an account
2. Log into account
0. Exit
> 1
4000003565257041
9359
1. Create an account
2. Log into account
0. Exit
> 1
4000004756923201
7133
1. Create an account
2. Log into account
0. Exit
> 0
Bye!
4000007209740551
4000008600259381
4000005324201491
4000003565257041
4000004756923201
?[1;31m
Start test 6?[0m
1. Create an account
2. Log into account
0. Exit
> 1
4000008017074571
5254
1. Create an account
2. Log into account
0. Exit
> 2

Enter your card number:
>> 4000008017074571
Enter your PIN:
> 5254

You have successfully logged in!

1. Balance
2. Add income
3. Do transfer
4. Close account
5. Log out
0. Exit
> 0
Bye!
?[1;31m
Start test 7?[0m
1. Create an account
2. Log into account
0. Exit
> 1
4000002764884621
7764
1. Create an account
2. Log into account
0. Exit
> 2

Enter your card number:
>> 4000002764884621
Enter your PIN:
> 2836

Wrong card number or PIN!

1. Create an account
2. Log into account
0. Exit
> 0
Bye!
?[1;31m
Start test 8?[0m
1. Create an account
2. Log into account
0. Exit
> 1
4000005579583981
3524
1. Create an account
2. Log into account
0. Exit
> 2

Enter your card number:
>> 400000882271357
Enter your PIN:
> 3524

Wrong card number or PIN!

1. Create an account
2. Log into account
0. Exit
> 0
Bye!
?[1;31m
Start test 9?[0m
1. Create an account
2. Log into account
0. Exit
> 1
4000004080758331
4461
1. Create an account
2. Log into account
0. Exit
> 2

Enter your card number:
>> 4000004080758331
Enter your PIN:
> 4461

You have successfully logged in!

1. Balance
2. Add income
3. Do transfer
4. Close account
5. Log out
0. Exit
> 1

Balance: 0

1. Balance
2. Add income
3. Do transfer
4. Close account
5. Log out
0. Exit
> 0
Bye!
]]></system-out>
  <system-err><![CDATA[]]></system-err>
</testsuite>
