<?xml version="1.0" encoding="UTF-8"?>
<testsuite name="SimpleBankSystemTest" tests="1" skipped="0" failures="1" errors="0" timestamp="2022-05-28T23:47:29" hostname="PC" time="0.514">
  <properties/>
  <testcase name="start" classname="SimpleBankSystemTest" time="0.514">
    <failure message="java.lang.AssertionError: Wrong answer in test #11&#10;&#10;Incorrect account balance of the card to which the transfer was made.&#10;&#10;Please find below the output of your program during this failed test.&#10;Note that the '&gt;' character indicates the beginning of the input line.&#10;&#10;---&#10;&#10;Arguments: -fileName card.s3db&#10;&#10;stdout:&#10;1. Create an account&#10;2. Log into account&#10;0. Exit&#10;&gt; 1&#10;4000007315360351&#10;7926&#10;1. Create an account&#10;2. Log into account&#10;0. Exit&#10;&gt; 1&#10;4000009802320591&#10;3234&#10;1. Create an account&#10;2. Log into account&#10;0. Exit&#10;&gt; 2&#10;&#10;Enter your card number:&#10;&gt;&gt; 4000009802320591&#10;Enter your PIN:&#10;&gt; 3234&#10;&#10;You have successfully logged in!&#10;&#10;1. Balance&#10;2. Add income&#10;3. Do transfer&#10;4. Close account&#10;5. Log out&#10;0. Exit&#10;&gt; 3&#10;&#10;Transfer&#10;Enter card number:&#10;&gt; 2000007269641764&#10;Probably you made a mistake in the card number. Please try again!&#10;1. Balance&#10;2. Add income&#10;3. Do transfer&#10;4. Close account&#10;5. Log out&#10;0. Exit&#10;&gt; 3&#10;&#10;Transfer&#10;Enter card number:&#10;&gt; 2000007269641768&#10;Such a card does not exist.&#10;1. Balance&#10;2. Add income&#10;3. Do transfer&#10;4. Close account&#10;5. Log out&#10;0. Exit&#10;&gt; 3&#10;&#10;Transfer&#10;Enter card number:&#10;&gt; 4000007315360351&#10;&#10;Enter how much money you want to transfer:&#10;&gt; 100000&#10;Not enough money!&#10;1. Balance&#10;2. Add income&#10;3. Do transfer&#10;4. Close account&#10;5. Log out&#10;0. Exit&#10;&gt; 2&#10;&gt; 20000&#10;1. Balance&#10;2. Add income&#10;3. Do transfer&#10;4. Close account&#10;5. Log out&#10;0. Exit&#10;&gt; 3&#10;&#10;Transfer&#10;Enter card number:&#10;&gt; 4000007315360351&#10;&#10;Enter how much money you want to transfer:&#10;&gt; 10000&#10;1. Balance&#10;2. Add income&#10;3. Do transfer&#10;4. Close account&#10;5. Log out&#10;0. Exit&#10;&gt; 0&#10;Bye!&#10;&#10;stderr:&#10;java.sql.SQLException: query does not return ResultSet&#10;&#9;at org.sqlite.jdbc3.JDBC3Statement.executeQuery(JDBC3Statement.java:70)&#10;&#9;at banking.Database.addIncomeToAccount(Database.java:105)&#10;&#9;at banking.Application.addIncome(Application.java:163)&#10;&#9;at banking.Application.menuTwoLogic(Application.java:116)&#10;&#9;at banking.Application.menuLoopEntryPoint(Application.java:29)&#10;&#9;at banking.Application.&lt;init&gt;(Application.java:18)&#10;&#9;at banking.Main.main(Main.java:6)&#10;&#9;at java.base/jdk.internal.reflect.NativeMethodAccessorImpl.invoke0(Native Method)&#10;&#9;at java.base/jdk.internal.reflect.NativeMethodAccessorImpl.invoke(NativeMethodAccessorImpl.java:77)&#10;&#9;at java.base/jdk.internal.reflect.DelegatingMethodAccessorImpl.invoke(DelegatingMethodAccessorImpl.java:43)&#10;&#9;at java.base/java.lang.reflect.Method.invoke(Method.java:568)&#10;&#9;at org.hyperskill.hstest.testing.execution.MainMethodExecutor.invokeMain(MainMethodExecutor.java:172)&#10;&#9;at org.hyperskill.hstest.testing.execution.MainMethodExecutor.lambda$launch$0(MainMethodExecutor.java:199)&#10;&#9;at java.base/java.util.concurrent.Executors$RunnableAdapter.call(Executors.java:539)&#10;&#9;at java.base/java.util.concurrent.FutureTask.run(FutureTask.java:264)&#10;&#9;at java.base/java.util.concurrent.ThreadPoolExecutor.runWorker(ThreadPoolExecutor.java:1136)&#10;&#9;at java.base/java.util.concurrent.ThreadPoolExecutor$Worker.run(ThreadPoolExecutor.java:635)&#10;&#9;at java.base/java.lang.Thread.run(Thread.java:833)" type="java.lang.AssertionError">java.lang.AssertionError: Wrong answer in test #11

Incorrect account balance of the card to which the transfer was made.

Please find below the output of your program during this failed test.
Note that the '&gt;' character indicates the beginning of the input line.

---

Arguments: -fileName card.s3db

stdout:
1. Create an account
2. Log into account
0. Exit
&gt; 1
4000007315360351
7926
1. Create an account
2. Log into account
0. Exit
&gt; 1
4000009802320591
3234
1. Create an account
2. Log into account
0. Exit
&gt; 2

Enter your card number:
&gt;&gt; 4000009802320591
Enter your PIN:
&gt; 3234

You have successfully logged in!

1. Balance
2. Add income
3. Do transfer
4. Close account
5. Log out
0. Exit
&gt; 3

Transfer
Enter card number:
&gt; 2000007269641764
Probably you made a mistake in the card number. Please try again!
1. Balance
2. Add income
3. Do transfer
4. Close account
5. Log out
0. Exit
&gt; 3

Transfer
Enter card number:
&gt; 2000007269641768
Such a card does not exist.
1. Balance
2. Add income
3. Do transfer
4. Close account
5. Log out
0. Exit
&gt; 3

Transfer
Enter card number:
&gt; 4000007315360351

Enter how much money you want to transfer:
&gt; 100000
Not enough money!
1. Balance
2. Add income
3. Do transfer
4. Close account
5. Log out
0. Exit
&gt; 2
&gt; 20000
1. Balance
2. Add income
3. Do transfer
4. Close account
5. Log out
0. Exit
&gt; 3

Transfer
Enter card number:
&gt; 4000007315360351

Enter how much money you want to transfer:
&gt; 10000
1. Balance
2. Add income
3. Do transfer
4. Close account
5. Log out
0. Exit
&gt; 0
Bye!

stderr:
java.sql.SQLException: query does not return ResultSet
	at org.sqlite.jdbc3.JDBC3Statement.executeQuery(JDBC3Statement.java:70)
	at banking.Database.addIncomeToAccount(Database.java:105)
	at banking.Application.addIncome(Application.java:163)
	at banking.Application.menuTwoLogic(Application.java:116)
	at banking.Application.menuLoopEntryPoint(Application.java:29)
	at banking.Application.&lt;init&gt;(Application.java:18)
	at banking.Main.main(Main.java:6)
	at java.base/jdk.internal.reflect.NativeMethodAccessorImpl.invoke0(Native Method)
	at java.base/jdk.internal.reflect.NativeMethodAccessorImpl.invoke(NativeMethodAccessorImpl.java:77)
	at java.base/jdk.internal.reflect.DelegatingMethodAccessorImpl.invoke(DelegatingMethodAccessorImpl.java:43)
	at java.base/java.lang.reflect.Method.invoke(Method.java:568)
	at org.hyperskill.hstest.testing.execution.MainMethodExecutor.invokeMain(MainMethodExecutor.java:172)
	at org.hyperskill.hstest.testing.execution.MainMethodExecutor.lambda$launch$0(MainMethodExecutor.java:199)
	at java.base/java.util.concurrent.Executors$RunnableAdapter.call(Executors.java:539)
	at java.base/java.util.concurrent.FutureTask.run(FutureTask.java:264)
	at java.base/java.util.concurrent.ThreadPoolExecutor.runWorker(ThreadPoolExecutor.java:1136)
	at java.base/java.util.concurrent.ThreadPoolExecutor$Worker.run(ThreadPoolExecutor.java:635)
	at java.base/java.lang.Thread.run(Thread.java:833)
	at org.junit.Assert.fail(Assert.java:88)
	at org.hyperskill.hstest.stage.StageTest.start(StageTest.java:155)
	at java.base/jdk.internal.reflect.NativeMethodAccessorImpl.invoke0(Native Method)
	at java.base/jdk.internal.reflect.NativeMethodAccessorImpl.invoke(NativeMethodAccessorImpl.java:77)
	at java.base/jdk.internal.reflect.DelegatingMethodAccessorImpl.invoke(DelegatingMethodAccessorImpl.java:43)
	at java.base/java.lang.reflect.Method.invoke(Method.java:568)
	at org.junit.runners.model.FrameworkMethod$1.runReflectiveCall(FrameworkMethod.java:50)
	at org.junit.internal.runners.model.ReflectiveCallable.run(ReflectiveCallable.java:12)
	at org.junit.runners.model.FrameworkMethod.invokeExplosively(FrameworkMethod.java:47)
	at org.junit.internal.runners.statements.InvokeMethod.evaluate(InvokeMethod.java:17)
	at org.junit.runners.ParentRunner.runLeaf(ParentRunner.java:325)
	at org.junit.runners.BlockJUnit4ClassRunner.runChild(BlockJUnit4ClassRunner.java:78)
	at org.junit.runners.BlockJUnit4ClassRunner.runChild(BlockJUnit4ClassRunner.java:57)
	at org.junit.runners.ParentRunner$3.run(ParentRunner.java:290)
	at org.junit.runners.ParentRunner$1.schedule(ParentRunner.java:71)
	at org.junit.runners.ParentRunner.runChildren(ParentRunner.java:288)
	at org.junit.runners.ParentRunner.access$000(ParentRunner.java:58)
	at org.junit.runners.ParentRunner$2.evaluate(ParentRunner.java:268)
	at org.junit.runners.ParentRunner.run(ParentRunner.java:363)
	at org.gradle.api.internal.tasks.testing.junit.JUnitTestClassExecutor.runTestClass(JUnitTestClassExecutor.java:110)
	at org.gradle.api.internal.tasks.testing.junit.JUnitTestClassExecutor.execute(JUnitTestClassExecutor.java:58)
	at org.gradle.api.internal.tasks.testing.junit.JUnitTestClassExecutor.execute(JUnitTestClassExecutor.java:38)
	at org.gradle.api.internal.tasks.testing.junit.AbstractJUnitTestClassProcessor.processTestClass(AbstractJUnitTestClassProcessor.java:62)
	at org.gradle.api.internal.tasks.testing.SuiteTestClassProcessor.processTestClass(SuiteTestClassProcessor.java:51)
	at java.base/jdk.internal.reflect.NativeMethodAccessorImpl.invoke0(Native Method)
	at java.base/jdk.internal.reflect.NativeMethodAccessorImpl.invoke(NativeMethodAccessorImpl.java:77)
	at java.base/jdk.internal.reflect.DelegatingMethodAccessorImpl.invoke(DelegatingMethodAccessorImpl.java:43)
	at java.base/java.lang.reflect.Method.invoke(Method.java:568)
	at org.gradle.internal.dispatch.ReflectionDispatch.dispatch(ReflectionDispatch.java:36)
	at org.gradle.internal.dispatch.ReflectionDispatch.dispatch(ReflectionDispatch.java:24)
	at org.gradle.internal.dispatch.ContextClassLoaderDispatch.dispatch(ContextClassLoaderDispatch.java:33)
	at org.gradle.internal.dispatch.ProxyDispatchAdapter$DispatchingInvocationHandler.invoke(ProxyDispatchAdapter.java:94)
	at jdk.proxy1/jdk.proxy1.$Proxy2.processTestClass(Unknown Source)
	at org.gradle.api.internal.tasks.testing.worker.TestWorker$2.run(TestWorker.java:176)
	at org.gradle.api.internal.tasks.testing.worker.TestWorker.executeAndMaintainThreadName(TestWorker.java:129)
	at org.gradle.api.internal.tasks.testing.worker.TestWorker.execute(TestWorker.java:100)
	at org.gradle.api.internal.tasks.testing.worker.TestWorker.execute(TestWorker.java:60)
	at org.gradle.process.internal.worker.child.ActionExecutionWorker.execute(ActionExecutionWorker.java:56)
	at org.gradle.process.internal.worker.child.SystemApplicationClassLoaderWorker.call(SystemApplicationClassLoaderWorker.java:133)
	at org.gradle.process.internal.worker.child.SystemApplicationClassLoaderWorker.call(SystemApplicationClassLoaderWorker.java:71)
	at worker.org.gradle.process.internal.worker.GradleWorkerMain.run(GradleWorkerMain.java:69)
	at worker.org.gradle.process.internal.worker.GradleWorkerMain.main(GradleWorkerMain.java:74)
</failure>
  </testcase>
  <system-out><![CDATA[?[1;31m
Start test 1?[0m
1. Create an account
2. Log into account
0. Exit
> 0
Bye!
?[1;31m
Start test 2?[0m
1. Create an account
2. Log into account
0. Exit
> 0
Bye!
?[1;31m
Start test 3?[0m
1. Create an account
2. Log into account
0. Exit
> 0
Bye!
?[1;31m
Start test 4?[0m
1. Create an account
2. Log into account
0. Exit
> 0
Bye!
?[1;31m
Start test 5?[0m
1. Create an account
2. Log into account
0. Exit
> 1
4000009960113671
8284
1. Create an account
2. Log into account
0. Exit
> 1
4000008988994971
5155
1. Create an account
2. Log into account
0. Exit
> 1
4000007065083021
7694
1. Create an account
2. Log into account
0. Exit
> 1
4000001069379881
6360
1. Create an account
2. Log into account
0. Exit
> 1
4000009000372501
7134
1. Create an account
2. Log into account
0. Exit
> 0
Bye!
4000009960113671
4000008988994971
4000007065083021
4000001069379881
4000009000372501
?[1;31m
Start test 6?[0m
1. Create an account
2. Log into account
0. Exit
> 1
4000006905245261
7733
1. Create an account
2. Log into account
0. Exit
> 2

Enter your card number:
>> 4000006905245261
Enter your PIN:
> 7733

You have successfully logged in!

1. Balance
2. Add income
3. Do transfer
4. Close account
5. Log out
0. Exit
> 0
Bye!
?[1;31m
Start test 7?[0m
1. Create an account
2. Log into account
0. Exit
> 1
4000001713540771
5491
1. Create an account
2. Log into account
0. Exit
> 2

Enter your card number:
>> 4000001713540771
Enter your PIN:
> 2365

Wrong card number or PIN!

1. Create an account
2. Log into account
0. Exit
> 0
Bye!
?[1;31m
Start test 8?[0m
1. Create an account
2. Log into account
0. Exit
> 1
4000001679351221
6244
1. Create an account
2. Log into account
0. Exit
> 2

Enter your card number:
>> 400000458902373
Enter your PIN:
> 6244

Wrong card number or PIN!

1. Create an account
2. Log into account
0. Exit
> 0
Bye!
?[1;31m
Start test 9?[0m
1. Create an account
2. Log into account
0. Exit
> 1
4000009039940641
4548
1. Create an account
2. Log into account
0. Exit
> 2

Enter your card number:
>> 4000009039940641
Enter your PIN:
> 4548

You have successfully logged in!

1. Balance
2. Add income
3. Do transfer
4. Close account
5. Log out
0. Exit
> 1

Balance: 0

1. Balance
2. Add income
3. Do transfer
4. Close account
5. Log out
0. Exit
> 0
Bye!
?[1;31m
Start test 10?[0m
1. Create an account
2. Log into account
0. Exit
> 1
4000003788166581
5635
1. Create an account
2. Log into account
0. Exit
> 2

Enter your card number:
>> 4000003788166581
Enter your PIN:
> 5635

You have successfully logged in!

1. Balance
2. Add income
3. Do transfer
4. Close account
5. Log out
0. Exit
> 2
> 10000
1. Balance
2. Add income
3. Do transfer
4. Close account
5. Log out
0. Exit
> 0
Bye!
1. Create an account
2. Log into account
0. Exit
> 2

Enter your card number:
>> 4000003788166581
Enter your PIN:
> 5635

You have successfully logged in!

1. Balance
2. Add income
3. Do transfer
4. Close account
5. Log out
0. Exit
> 2
> 15000
1. Balance
2. Add income
3. Do transfer
4. Close account
5. Log out
0. Exit
> 0
Bye!
?[1;31m
Start test 11?[0m
1. Create an account
2. Log into account
0. Exit
> 1
4000007315360351
7926
1. Create an account
2. Log into account
0. Exit
> 1
4000009802320591
3234
1. Create an account
2. Log into account
0. Exit
> 2

Enter your card number:
>> 4000009802320591
Enter your PIN:
> 3234

You have successfully logged in!

1. Balance
2. Add income
3. Do transfer
4. Close account
5. Log out
0. Exit
> 3

Transfer
Enter card number:
> 2000007269641764
Probably you made a mistake in the card number. Please try again!
1. Balance
2. Add income
3. Do transfer
4. Close account
5. Log out
0. Exit
> 3

Transfer
Enter card number:
> 2000007269641768
Such a card does not exist.
1. Balance
2. Add income
3. Do transfer
4. Close account
5. Log out
0. Exit
> 3

Transfer
Enter card number:
> 4000007315360351

Enter how much money you want to transfer:
> 100000
Not enough money!
1. Balance
2. Add income
3. Do transfer
4. Close account
5. Log out
0. Exit
> 2
> 20000
1. Balance
2. Add income
3. Do transfer
4. Close account
5. Log out
0. Exit
> 3

Transfer
Enter card number:
> 4000007315360351

Enter how much money you want to transfer:
> 10000
1. Balance
2. Add income
3. Do transfer
4. Close account
5. Log out
0. Exit
> 0
Bye!
]]></system-out>
  <system-err><![CDATA[java.sql.SQLException: query does not return ResultSet
	at org.sqlite.jdbc3.JDBC3Statement.executeQuery(JDBC3Statement.java:70)
	at banking.Database.addIncomeToAccount(Database.java:105)
	at banking.Application.addIncome(Application.java:163)
	at banking.Application.menuTwoLogic(Application.java:116)
	at banking.Application.menuLoopEntryPoint(Application.java:29)
	at banking.Application.<init>(Application.java:18)
	at banking.Main.main(Main.java:6)
	at java.base/jdk.internal.reflect.NativeMethodAccessorImpl.invoke0(Native Method)
	at java.base/jdk.internal.reflect.NativeMethodAccessorImpl.invoke(NativeMethodAccessorImpl.java:77)
	at java.base/jdk.internal.reflect.DelegatingMethodAccessorImpl.invoke(DelegatingMethodAccessorImpl.java:43)
	at java.base/java.lang.reflect.Method.invoke(Method.java:568)
	at org.hyperskill.hstest.testing.execution.MainMethodExecutor.invokeMain(MainMethodExecutor.java:172)
	at org.hyperskill.hstest.testing.execution.MainMethodExecutor.lambda$launch$0(MainMethodExecutor.java:199)
	at java.base/java.util.concurrent.Executors$RunnableAdapter.call(Executors.java:539)
	at java.base/java.util.concurrent.FutureTask.run(FutureTask.java:264)
	at java.base/java.util.concurrent.ThreadPoolExecutor.runWorker(ThreadPoolExecutor.java:1136)
	at java.base/java.util.concurrent.ThreadPoolExecutor$Worker.run(ThreadPoolExecutor.java:635)
	at java.base/java.lang.Thread.run(Thread.java:833)
java.sql.SQLException: query does not return ResultSet
	at org.sqlite.jdbc3.JDBC3Statement.executeQuery(JDBC3Statement.java:70)
	at banking.Database.addIncomeToAccount(Database.java:105)
	at banking.Application.addIncome(Application.java:163)
	at banking.Application.menuTwoLogic(Application.java:116)
	at banking.Application.menuLoopEntryPoint(Application.java:29)
	at banking.Application.<init>(Application.java:18)
	at banking.Main.main(Main.java:6)
	at java.base/jdk.internal.reflect.NativeMethodAccessorImpl.invoke0(Native Method)
	at java.base/jdk.internal.reflect.NativeMethodAccessorImpl.invoke(NativeMethodAccessorImpl.java:77)
	at java.base/jdk.internal.reflect.DelegatingMethodAccessorImpl.invoke(DelegatingMethodAccessorImpl.java:43)
	at java.base/java.lang.reflect.Method.invoke(Method.java:568)
	at org.hyperskill.hstest.testing.execution.MainMethodExecutor.invokeMain(MainMethodExecutor.java:172)
	at org.hyperskill.hstest.testing.execution.MainMethodExecutor.lambda$launch$0(MainMethodExecutor.java:199)
	at java.base/java.util.concurrent.Executors$RunnableAdapter.call(Executors.java:539)
	at java.base/java.util.concurrent.FutureTask.run(FutureTask.java:264)
	at java.base/java.util.concurrent.ThreadPoolExecutor.runWorker(ThreadPoolExecutor.java:1136)
	at java.base/java.util.concurrent.ThreadPoolExecutor$Worker.run(ThreadPoolExecutor.java:635)
	at java.base/java.lang.Thread.run(Thread.java:833)
java.sql.SQLException: query does not return ResultSet
	at org.sqlite.jdbc3.JDBC3Statement.executeQuery(JDBC3Statement.java:70)
	at banking.Database.addIncomeToAccount(Database.java:105)
	at banking.Application.addIncome(Application.java:163)
	at banking.Application.menuTwoLogic(Application.java:116)
	at banking.Application.menuLoopEntryPoint(Application.java:29)
	at banking.Application.<init>(Application.java:18)
	at banking.Main.main(Main.java:6)
	at java.base/jdk.internal.reflect.NativeMethodAccessorImpl.invoke0(Native Method)
	at java.base/jdk.internal.reflect.NativeMethodAccessorImpl.invoke(NativeMethodAccessorImpl.java:77)
	at java.base/jdk.internal.reflect.DelegatingMethodAccessorImpl.invoke(DelegatingMethodAccessorImpl.java:43)
	at java.base/java.lang.reflect.Method.invoke(Method.java:568)
	at org.hyperskill.hstest.testing.execution.MainMethodExecutor.invokeMain(MainMethodExecutor.java:172)
	at org.hyperskill.hstest.testing.execution.MainMethodExecutor.lambda$launch$0(MainMethodExecutor.java:199)
	at java.base/java.util.concurrent.Executors$RunnableAdapter.call(Executors.java:539)
	at java.base/java.util.concurrent.FutureTask.run(FutureTask.java:264)
	at java.base/java.util.concurrent.ThreadPoolExecutor.runWorker(ThreadPoolExecutor.java:1136)
	at java.base/java.util.concurrent.ThreadPoolExecutor$Worker.run(ThreadPoolExecutor.java:635)
	at java.base/java.lang.Thread.run(Thread.java:833)
]]></system-err>
</testsuite>
