<?xml version="1.0" encoding="UTF-8"?>
<testsuite name="SimpleBankSystemTest" tests="1" skipped="0" failures="0" errors="0" timestamp="2022-05-28T17:11:03" hostname="PC" time="0.325">
  <properties/>
  <testcase name="start" classname="SimpleBankSystemTest" time="0.325"/>
  <system-out><![CDATA[?[1;31m
Start test 1?[0m
1. Create an account
2. Log into account
0. Exit
> 0
Bye!
?[1;31m
Start test 2?[0m
1. Create an account
2. Log into account
0. Exit
> 0
Bye!
?[1;31m
Start test 3?[0m
1. Create an account
2. Log into account
0. Exit
> 0
Bye!
?[1;31m
Start test 4?[0m
1. Create an account
2. Log into account
0. Exit
> 0
Bye!
?[1;31m
Start test 5?[0m
1. Create an account
2. Log into account
0. Exit
> 1
4000001233048131
2313
1. Create an account
2. Log into account
0. Exit
> 1
4000003185067911
1394
1. Create an account
2. Log into account
0. Exit
> 1
4000002253027781
1827
1. Create an account
2. Log into account
0. Exit
> 1
4000002392087241
8069
1. Create an account
2. Log into account
0. Exit
> 1
4000004009161211
4916
1. Create an account
2. Log into account
0. Exit
> 0
Bye!
4000001233048131
4000003185067911
4000002253027781
4000002392087241
4000004009161211
?[1;31m
Start test 6?[0m
1. Create an account
2. Log into account
0. Exit
> 1
4000001586272031
4486
1. Create an account
2. Log into account
0. Exit
> 2

Enter your card number:
>> 4000001586272031
Enter your PIN:
> 4486

You have successfully logged in!

1. Balance
2. Log out
0. Exit
> 0
Bye!
?[1;31m
Start test 7?[0m
1. Create an account
2. Log into account
0. Exit
> 1
4000001688457191
6840
1. Create an account
2. Log into account
0. Exit
> 2

Enter your card number:
>> 4000001688457191
Enter your PIN:
> 1718

Wrong card number or PIN!

1. Create an account
2. Log into account
0. Exit
> 0
Bye!
?[1;31m
Start test 8?[0m
1. Create an account
2. Log into account
0. Exit
> 1
4000003923091751
9526
1. Create an account
2. Log into account
0. Exit
> 2

Enter your card number:
>> 400000758343108
Enter your PIN:
> 9526

Wrong card number or PIN!

1. Create an account
2. Log into account
0. Exit
> 0
Bye!
?[1;31m
Start test 9?[0m
1. Create an account
2. Log into account
0. Exit
> 1
4000009595606891
2361
1. Create an account
2. Log into account
0. Exit
> 2

Enter your card number:
>> 4000009595606891
Enter your PIN:
> 2361

You have successfully logged in!

1. Balance
2. Log out
0. Exit
> 1

Balance: 0

1. Balance
2. Log out
0. Exit
> 0
Bye!
]]></system-out>
  <system-err><![CDATA[]]></system-err>
</testsuite>
