<?xml version="1.0" encoding="UTF-8"?>
<testsuite name="SimpleBankSystemTest" tests="1" skipped="0" failures="0" errors="0" timestamp="2022-05-28T17:10:05" hostname="PC" time="0.333">
  <properties/>
  <testcase name="start" classname="SimpleBankSystemTest" time="0.333"/>
  <system-out><![CDATA[?[1;31m
Start test 1?[0m
1. Create an account
2. Log into account
0. Exit
> 0
Bye!
?[1;31m
Start test 2?[0m
1. Create an account
2. Log into account
0. Exit
> 0
Bye!
?[1;31m
Start test 3?[0m
1. Create an account
2. Log into account
0. Exit
> 0
Bye!
?[1;31m
Start test 4?[0m
1. Create an account
2. Log into account
0. Exit
> 0
Bye!
?[1;31m
Start test 5?[0m
1. Create an account
2. Log into account
0. Exit
> 1
4000002515295531
5449
1. Create an account
2. Log into account
0. Exit
> 1
4000007957210161
6989
1. Create an account
2. Log into account
0. Exit
> 1
4000008160142621
1465
1. Create an account
2. Log into account
0. Exit
> 1
4000006112754931
1176
1. Create an account
2. Log into account
0. Exit
> 1
4000009765506111
3714
1. Create an account
2. Log into account
0. Exit
> 0
Bye!
4000002515295531
4000007957210161
4000008160142621
4000006112754931
4000009765506111
?[1;31m
Start test 6?[0m
1. Create an account
2. Log into account
0. Exit
> 1
4000007608361801
7286
1. Create an account
2. Log into account
0. Exit
> 2

Enter your card number:
>> 4000007608361801
Enter your PIN:
> 7286

You have successfully logged in!

1. Balance
2. Log out
0. Exit
> 0
Bye!
?[1;31m
Start test 7?[0m
1. Create an account
2. Log into account
0. Exit
> 1
4000002058306091
9377
1. Create an account
2. Log into account
0. Exit
> 2

Enter your card number:
>> 4000002058306091
Enter your PIN:
> 8584

Wrong card number or PIN!

1. Create an account
2. Log into account
0. Exit
> 0
Bye!
?[1;31m
Start test 8?[0m
1. Create an account
2. Log into account
0. Exit
> 1
4000003462524261
3974
1. Create an account
2. Log into account
0. Exit
> 2

Enter your card number:
>> 400000841369953
Enter your PIN:
> 3974

Wrong card number or PIN!

1. Create an account
2. Log into account
0. Exit
> 0
Bye!
?[1;31m
Start test 9?[0m
1. Create an account
2. Log into account
0. Exit
> 1
4000005140284481
9386
1. Create an account
2. Log into account
0. Exit
> 2

Enter your card number:
>> 4000005140284481
Enter your PIN:
> 9386

You have successfully logged in!

1. Balance
2. Log out
0. Exit
> 1

Balance: 0

1. Balance
2. Log out
0. Exit
> 0
Bye!
]]></system-out>
  <system-err><![CDATA[]]></system-err>
</testsuite>
